C51 COMPILER V9.54   DELAY                                                                 02/02/2023 20:02:18 PAGE 1   


C51 COMPILER V9.54, COMPILATION OF MODULE DELAY
OBJECT MODULE PLACED IN .\Objects\Delay.obj
COMPILER INVOKED BY: D:\Keil5\C51\BIN\C51.EXE Delay.c OPTIMIZE(8,SPEED) BROWSE DEBUG OBJECTEXTEND PRINT(.\Listings\Delay
                    -.lst) TABS(2) OBJECT(.\Objects\Delay.obj)

line level    source

   1          #include <INTRINS.H>
   2          void Delay(unsigned int xms)    //@11.0592MHz
   3          {
   4   1        unsigned char i, j;
   5   1        while(xms)
   6   1        {
   7   2          nop_();
   8   2          i = 2;
   9   2          j = 199;
  10   2          do
  11   2          {
  12   3            while (--j);
  13   3          } while (--i);
  14   2          xms--;
  15   2        }
  16   1      }


MODULE INFORMATION:   STATIC OVERLAYABLE
   CODE SIZE        =     21    ----
   CONSTANT SIZE    =   ----    ----
   XDATA SIZE       =   ----    ----
   PDATA SIZE       =   ----    ----
   DATA SIZE        =   ----    ----
   IDATA SIZE       =   ----    ----
   BIT SIZE         =   ----    ----
END OF MODULE INFORMATION.


C51 COMPILATION COMPLETE.  0 WARNING(S),  0 ERROR(S)
