C51 COMPILER V9.54   MAIN                                                                  02/02/2023 22:36:22 PAGE 1   


C51 COMPILER V9.54, COMPILATION OF MODULE MAIN
OBJECT MODULE PLACED IN .\Objects\main.obj
COMPILER INVOKED BY: D:\Keil5\C51\BIN\C51.EXE main.c OPTIMIZE(8,SPEED) BROWSE DEBUG OBJECTEXTEND PRINT(.\Listings\main.l
                    -st) TABS(2) OBJECT(.\Objects\main.obj)

line level    source

   1          #include <at89c51RC2.h>
   2          #include "Delay.h"
   3          #include "LCD1602.h"
   4          #include "MatrixKey.h"
   5          
   6          unsigned char Keynum;
   7          unsigned int Password,Count;
   8          
   9          void main()
  10          {
  11   1        LCD_Init();
  12   1        LCD_ShowString(1,1,"Password:");
  13   1        while(1)
  14   1        {
  15   2          Keynum=MatrixKey();
  16   2          if(Keynum)
  17   2          {
  18   3            if(Keynum<=10)  //如果s1~s10按键按下，输入密码
  19   3            {
  20   4              if(Count<4)   //密码位数小于4时进入循环
  21   4              {
  22   5                Password*=10;        //密码左移一位
  23   5                Password+=Keynum%10;  //获取一位密码
  24   5                Count++;    //密码位数计次
  25   5              }
  26   4              LCD_ShowNum(2,1,Password,4);
  27   4            }
  28   3            if(Keynum==11)   //s11为确认键
  29   3            {
  30   4              if(Password==2345)
  31   4              {
  32   5                LCD_ShowString(1,14,"OK");
  33   5                Password=0;                 //密码清零
  34   5                Count=0;                    //计次清零
  35   5                LCD_ShowNum(2,1,Password,4);//更新显示
  36   5              }
  37   4              else
  38   4              {
  39   5                LCD_ShowString(1,14,"NO");
  40   5                Password=0;
  41   5                Count=0;
  42   5                LCD_ShowNum(2,1,Password,4);
  43   5              }
  44   4            }
  45   3            if(Keynum==12)  //如果s12按键按下，取消密码
  46   3            {
  47   4                Password/=10;                 //密码清零
  48   4                Count-=1;                   //计次清零
  49   4                LCD_ShowNum(2,1,Password,4);//更新显示
  50   4            }
  51   3          }
  52   2        }
  53   1      }

C51 COMPILER V9.54   MAIN                                                                  02/02/2023 22:36:22 PAGE 2   


MODULE INFORMATION:   STATIC OVERLAYABLE
   CODE SIZE        =    203    ----
   CONSTANT SIZE    =     16    ----
   XDATA SIZE       =   ----    ----
   PDATA SIZE       =   ----    ----
   DATA SIZE        =      5    ----
   IDATA SIZE       =   ----    ----
   BIT SIZE         =   ----    ----
END OF MODULE INFORMATION.


C51 COMPILATION COMPLETE.  0 WARNING(S),  0 ERROR(S)
