C51 COMPILER V9.54   MAIN                                                                  02/01/2023 23:36:29 PAGE 1   


C51 COMPILER V9.54, COMPILATION OF MODULE MAIN
OBJECT MODULE PLACED IN .\Objects\main.obj
COMPILER INVOKED BY: D:\Keil5\C51\BIN\C51.EXE main.c OPTIMIZE(8,SPEED) BROWSE DEBUG OBJECTEXTEND PRINT(.\Listings\main.l
                    -st) TABS(2) OBJECT(.\Objects\main.obj)

line level    source

   1          #include <at89c51RC2.h>
   2          unsigned char NixieTable[]={0x3F,0x06,0x5B,0x4F,0x66,0x6D,0x7D,0x07,0x7F,0x6F};
   3          void NixieTube(unsigned char Location,Number)
   4          {
   5   1        switch(Location)
   6   1        {
   7   2          case 1:P2_4=1;P2_3=1;P2_2=1;break;
   8   2          case 2:P2_4=1;P2_3=1;P2_2=0;break;
   9   2          case 3:P2_4=1;P2_3=0;P2_2=1;break;
  10   2          case 4:P2_4=1;P2_3=0;P2_2=0;break;
  11   2          case 5:P2_4=0;P2_3=1;P2_2=1;break;
  12   2          case 6:P2_4=0;P2_3=1;P2_2=0;break;
  13   2          case 7:P2_4=0;P2_3=0;P2_2=1;break;
  14   2          case 8:P2_4=0;P2_3=0;P2_2=0;break;
  15   2        }
  16   1        P0=NixieTable[Number];
  17   1      }
  18          void main()
  19          { 
  20   1        NixieTube(2,9);
  21   1        while(1)
  22   1        {
  23   2          
  24   2        }
  25   1      }


MODULE INFORMATION:   STATIC OVERLAYABLE
   CODE SIZE        =    110    ----
   CONSTANT SIZE    =   ----    ----
   XDATA SIZE       =   ----    ----
   PDATA SIZE       =   ----    ----
   DATA SIZE        =     10    ----
   IDATA SIZE       =   ----    ----
   BIT SIZE         =   ----    ----
END OF MODULE INFORMATION.


C51 COMPILATION COMPLETE.  0 WARNING(S),  0 ERROR(S)
