C51 COMPILER V9.54   MAIN                                                                  02/01/2023 12:10:05 PAGE 1   


C51 COMPILER V9.54, COMPILATION OF MODULE MAIN
OBJECT MODULE PLACED IN .\Objects\main.obj
COMPILER INVOKED BY: D:\Keil5\C51\BIN\C51.EXE main.c OPTIMIZE(8,SPEED) BROWSE DEBUG OBJECTEXTEND PRINT(.\Listings\main.l
                    -st) TABS(2) OBJECT(.\Objects\main.obj)

line level    source

   1          #include <at89c51RC2.h>
   2          #include <INTRINS.H>
   3          void Delay1ms(unsigned int xms)   //@11.0592MHz
   4          {
   5   1        unsigned char i, j;
   6   1        while(xms)
   7   1        {
   8   2          _nop_();
   9   2        _nop_();
  10   2        _nop_();
  11   2        i = 11;
  12   2        j = 190;
  13   2        do
  14   2        {
  15   3          while (--j);
  16   3        } while (--i);
  17   2          xms--;
  18   2        }
  19   1      }
  20          
  21          void main()
  22          {
  23   1        while(1)
  24   1        {
  25   2          P2=0xFE;//1111 1110
  26   2          Delay1ms(100);
  27   2          P2=0xFD;//1111 1101
  28   2          Delay1ms(100);
  29   2          P2=0xFB;//1111 1011
  30   2          Delay1ms(100);
  31   2          P2=0xF7;//1111 0111
  32   2          Delay1ms(100);
  33   2          P2=0xEF;//1110 1111
  34   2          Delay1ms(100);
  35   2          P2=0xDF;//1101 1111
  36   2          Delay1ms(100);
  37   2          P2=0xBF;//1011 1111
  38   2          Delay1ms(100);
  39   2          P2=0x7E;//0111 1111
  40   2          Delay1ms(100);
  41   2        }
  42   1      }


MODULE INFORMATION:   STATIC OVERLAYABLE
   CODE SIZE        =     77    ----
   CONSTANT SIZE    =   ----    ----
   XDATA SIZE       =   ----    ----
   PDATA SIZE       =   ----    ----
   DATA SIZE        =   ----    ----
   IDATA SIZE       =   ----    ----
   BIT SIZE         =   ----    ----
END OF MODULE INFORMATION.


C51 COMPILATION COMPLETE.  0 WARNING(S),  0 ERROR(S)
