C51 COMPILER V9.54   MAIN                                                                  02/02/2023 16:31:51 PAGE 1   


C51 COMPILER V9.54, COMPILATION OF MODULE MAIN
OBJECT MODULE PLACED IN .\Objects\main.obj
COMPILER INVOKED BY: D:\Keil5\C51\BIN\C51.EXE main.c OPTIMIZE(8,SPEED) BROWSE DEBUG OBJECTEXTEND PRINT(.\Listings\main.l
                    -st) TABS(2) OBJECT(.\Objects\main.obj)

line level    source

   1          #include <at89c51RC2.h>
   2          #include "Delay.h"
   3          #include "Nixie.h"
   4          void main()
   5          {
   6   1        while(1)
   7   1        {
   8   2          Nixie(1,1);
   9   2          Nixie(2,2);
  10   2          Nixie(3,3);
  11   2          Nixie(4,4);
  12   2          Nixie(5,5);
  13   2          Nixie(6,6);
  14   2          Nixie(7,7);
  15   2          Nixie(8,8);
  16   2        }
  17   1      }


MODULE INFORMATION:   STATIC OVERLAYABLE
   CODE SIZE        =     74    ----
   CONSTANT SIZE    =   ----    ----
   XDATA SIZE       =   ----    ----
   PDATA SIZE       =   ----    ----
   DATA SIZE        =   ----    ----
   IDATA SIZE       =   ----    ----
   BIT SIZE         =   ----    ----
END OF MODULE INFORMATION.


C51 COMPILATION COMPLETE.  0 WARNING(S),  0 ERROR(S)
